[2025-05-04 18:27:11,309][pytorch_lightning.utilities.rank_zero][INFO] - GPU available: False, used: False
[2025-05-04 18:27:11,310][pytorch_lightning.utilities.rank_zero][INFO] - TPU available: False, using: 0 TPU cores
[2025-05-04 18:27:11,310][pytorch_lightning.utilities.rank_zero][INFO] - HPU available: False, using: 0 HPUs
[2025-05-04 18:27:13,431][pytorch_lightning.utilities.rank_zero][INFO] - Epoch 0, global step 5: 'val/PearsonCorrCoef' reached 0.42884 (best 0.42884), saving model to '/home/belyash/ML/binding-affinity-BelyashMatvey/logs/runs/2025-05-04/18:27:11/checkpoints/epoch_000.ckpt' as top 1
[2025-05-04 18:27:14,155][pytorch_lightning.utilities.rank_zero][INFO] - Epoch 1, global step 10: 'val/PearsonCorrCoef' was not in top 1
[2025-05-04 18:27:14,803][pytorch_lightning.utilities.rank_zero][INFO] - Epoch 2, global step 15: 'val/PearsonCorrCoef' was not in top 1
[2025-05-04 18:27:15,421][pytorch_lightning.utilities.rank_zero][INFO] - Epoch 3, global step 20: 'val/PearsonCorrCoef' was not in top 1
[2025-05-04 18:27:16,018][pytorch_lightning.utilities.rank_zero][INFO] - Epoch 4, global step 25: 'val/PearsonCorrCoef' was not in top 1
[2025-05-04 18:27:16,621][pytorch_lightning.utilities.rank_zero][INFO] - Epoch 5, global step 30: 'val/PearsonCorrCoef' was not in top 1
[2025-05-04 18:27:17,240][pytorch_lightning.utilities.rank_zero][INFO] - Epoch 6, global step 35: 'val/PearsonCorrCoef' was not in top 1
[2025-05-04 18:27:17,857][pytorch_lightning.utilities.rank_zero][INFO] - Epoch 7, global step 40: 'val/PearsonCorrCoef' was not in top 1
[2025-05-04 18:27:18,461][pytorch_lightning.utilities.rank_zero][INFO] - Epoch 8, global step 45: 'val/PearsonCorrCoef' was not in top 1
[2025-05-04 18:27:19,088][pytorch_lightning.utilities.rank_zero][INFO] - Epoch 9, global step 50: 'val/PearsonCorrCoef' was not in top 1
[2025-05-04 18:27:19,719][pytorch_lightning.utilities.rank_zero][INFO] - Epoch 10, global step 55: 'val/PearsonCorrCoef' was not in top 1
[2025-05-04 18:27:20,341][pytorch_lightning.utilities.rank_zero][INFO] - Epoch 11, global step 60: 'val/PearsonCorrCoef' was not in top 1
[2025-05-04 18:27:20,970][pytorch_lightning.utilities.rank_zero][INFO] - Epoch 12, global step 65: 'val/PearsonCorrCoef' was not in top 1
[2025-05-04 18:27:21,583][pytorch_lightning.utilities.rank_zero][INFO] - Epoch 13, global step 70: 'val/PearsonCorrCoef' was not in top 1
[2025-05-04 18:27:22,219][pytorch_lightning.utilities.rank_zero][INFO] - Epoch 14, global step 75: 'val/PearsonCorrCoef' was not in top 1
[2025-05-04 18:27:22,825][pytorch_lightning.utilities.rank_zero][INFO] - Epoch 15, global step 80: 'val/PearsonCorrCoef' was not in top 1
[2025-05-04 18:27:23,452][pytorch_lightning.utilities.rank_zero][INFO] - Epoch 16, global step 85: 'val/PearsonCorrCoef' was not in top 1
[2025-05-04 18:27:24,064][pytorch_lightning.utilities.rank_zero][INFO] - Epoch 17, global step 90: 'val/PearsonCorrCoef' was not in top 1
[2025-05-04 18:27:24,683][pytorch_lightning.utilities.rank_zero][INFO] - Epoch 18, global step 95: 'val/PearsonCorrCoef' was not in top 1
[2025-05-04 18:27:25,299][pytorch_lightning.utilities.rank_zero][INFO] - Epoch 19, global step 100: 'val/PearsonCorrCoef' was not in top 1
[2025-05-04 18:27:25,928][pytorch_lightning.utilities.rank_zero][INFO] - Epoch 20, global step 105: 'val/PearsonCorrCoef' was not in top 1
[2025-05-04 18:27:26,555][pytorch_lightning.utilities.rank_zero][INFO] - Epoch 21, global step 110: 'val/PearsonCorrCoef' was not in top 1
[2025-05-04 18:27:27,152][pytorch_lightning.utilities.rank_zero][INFO] - Epoch 22, global step 115: 'val/PearsonCorrCoef' was not in top 1
[2025-05-04 18:27:27,789][pytorch_lightning.utilities.rank_zero][INFO] - Epoch 23, global step 120: 'val/PearsonCorrCoef' was not in top 1
[2025-05-04 18:27:28,421][pytorch_lightning.utilities.rank_zero][INFO] - Epoch 24, global step 125: 'val/PearsonCorrCoef' was not in top 1
[2025-05-04 18:27:29,097][pytorch_lightning.utilities.rank_zero][INFO] - Epoch 25, global step 130: 'val/PearsonCorrCoef' reached 0.42906 (best 0.42906), saving model to '/home/belyash/ML/binding-affinity-BelyashMatvey/logs/runs/2025-05-04/18:27:11/checkpoints/epoch_025.ckpt' as top 1
[2025-05-04 18:27:29,733][pytorch_lightning.utilities.rank_zero][INFO] - Epoch 26, global step 135: 'val/PearsonCorrCoef' reached 0.42972 (best 0.42972), saving model to '/home/belyash/ML/binding-affinity-BelyashMatvey/logs/runs/2025-05-04/18:27:11/checkpoints/epoch_026.ckpt' as top 1
[2025-05-04 18:27:30,354][pytorch_lightning.utilities.rank_zero][INFO] - Epoch 27, global step 140: 'val/PearsonCorrCoef' reached 0.43027 (best 0.43027), saving model to '/home/belyash/ML/binding-affinity-BelyashMatvey/logs/runs/2025-05-04/18:27:11/checkpoints/epoch_027.ckpt' as top 1
[2025-05-04 18:27:30,975][pytorch_lightning.utilities.rank_zero][INFO] - Epoch 28, global step 145: 'val/PearsonCorrCoef' reached 0.43085 (best 0.43085), saving model to '/home/belyash/ML/binding-affinity-BelyashMatvey/logs/runs/2025-05-04/18:27:11/checkpoints/epoch_028.ckpt' as top 1
[2025-05-04 18:27:31,624][pytorch_lightning.utilities.rank_zero][INFO] - Epoch 29, global step 150: 'val/PearsonCorrCoef' reached 0.43139 (best 0.43139), saving model to '/home/belyash/ML/binding-affinity-BelyashMatvey/logs/runs/2025-05-04/18:27:11/checkpoints/epoch_029.ckpt' as top 1
[2025-05-04 18:27:32,240][pytorch_lightning.utilities.rank_zero][INFO] - Epoch 30, global step 155: 'val/PearsonCorrCoef' reached 0.43184 (best 0.43184), saving model to '/home/belyash/ML/binding-affinity-BelyashMatvey/logs/runs/2025-05-04/18:27:11/checkpoints/epoch_030.ckpt' as top 1
[2025-05-04 18:27:32,877][pytorch_lightning.utilities.rank_zero][INFO] - Epoch 31, global step 160: 'val/PearsonCorrCoef' reached 0.43208 (best 0.43208), saving model to '/home/belyash/ML/binding-affinity-BelyashMatvey/logs/runs/2025-05-04/18:27:11/checkpoints/epoch_031.ckpt' as top 1
[2025-05-04 18:27:33,536][pytorch_lightning.utilities.rank_zero][INFO] - Epoch 32, global step 165: 'val/PearsonCorrCoef' reached 0.43232 (best 0.43232), saving model to '/home/belyash/ML/binding-affinity-BelyashMatvey/logs/runs/2025-05-04/18:27:11/checkpoints/epoch_032.ckpt' as top 1
[2025-05-04 18:27:34,210][pytorch_lightning.utilities.rank_zero][INFO] - Epoch 33, global step 170: 'val/PearsonCorrCoef' reached 0.43263 (best 0.43263), saving model to '/home/belyash/ML/binding-affinity-BelyashMatvey/logs/runs/2025-05-04/18:27:11/checkpoints/epoch_033.ckpt' as top 1
[2025-05-04 18:27:34,871][pytorch_lightning.utilities.rank_zero][INFO] - Epoch 34, global step 175: 'val/PearsonCorrCoef' reached 0.43313 (best 0.43313), saving model to '/home/belyash/ML/binding-affinity-BelyashMatvey/logs/runs/2025-05-04/18:27:11/checkpoints/epoch_034.ckpt' as top 1
[2025-05-04 18:27:35,603][pytorch_lightning.utilities.rank_zero][INFO] - Epoch 35, global step 180: 'val/PearsonCorrCoef' reached 0.43361 (best 0.43361), saving model to '/home/belyash/ML/binding-affinity-BelyashMatvey/logs/runs/2025-05-04/18:27:11/checkpoints/epoch_035.ckpt' as top 1
[2025-05-04 18:27:36,289][pytorch_lightning.utilities.rank_zero][INFO] - Epoch 36, global step 185: 'val/PearsonCorrCoef' reached 0.43401 (best 0.43401), saving model to '/home/belyash/ML/binding-affinity-BelyashMatvey/logs/runs/2025-05-04/18:27:11/checkpoints/epoch_036.ckpt' as top 1
[2025-05-04 18:27:36,961][pytorch_lightning.utilities.rank_zero][INFO] - Epoch 37, global step 190: 'val/PearsonCorrCoef' reached 0.43445 (best 0.43445), saving model to '/home/belyash/ML/binding-affinity-BelyashMatvey/logs/runs/2025-05-04/18:27:11/checkpoints/epoch_037.ckpt' as top 1
[2025-05-04 18:27:37,595][pytorch_lightning.utilities.rank_zero][INFO] - Epoch 38, global step 195: 'val/PearsonCorrCoef' reached 0.43486 (best 0.43486), saving model to '/home/belyash/ML/binding-affinity-BelyashMatvey/logs/runs/2025-05-04/18:27:11/checkpoints/epoch_038.ckpt' as top 1
[2025-05-04 18:27:38,261][pytorch_lightning.utilities.rank_zero][INFO] - Epoch 39, global step 200: 'val/PearsonCorrCoef' reached 0.43507 (best 0.43507), saving model to '/home/belyash/ML/binding-affinity-BelyashMatvey/logs/runs/2025-05-04/18:27:11/checkpoints/epoch_039.ckpt' as top 1
[2025-05-04 18:27:38,991][pytorch_lightning.utilities.rank_zero][INFO] - Epoch 40, global step 205: 'val/PearsonCorrCoef' reached 0.43525 (best 0.43525), saving model to '/home/belyash/ML/binding-affinity-BelyashMatvey/logs/runs/2025-05-04/18:27:11/checkpoints/epoch_040.ckpt' as top 1
[2025-05-04 18:27:39,727][pytorch_lightning.utilities.rank_zero][INFO] - Epoch 41, global step 210: 'val/PearsonCorrCoef' reached 0.43576 (best 0.43576), saving model to '/home/belyash/ML/binding-affinity-BelyashMatvey/logs/runs/2025-05-04/18:27:11/checkpoints/epoch_041.ckpt' as top 1
[2025-05-04 18:27:40,494][pytorch_lightning.utilities.rank_zero][INFO] - Epoch 42, global step 215: 'val/PearsonCorrCoef' reached 0.43622 (best 0.43622), saving model to '/home/belyash/ML/binding-affinity-BelyashMatvey/logs/runs/2025-05-04/18:27:11/checkpoints/epoch_042.ckpt' as top 1
[2025-05-04 18:27:41,280][pytorch_lightning.utilities.rank_zero][INFO] - Epoch 43, global step 220: 'val/PearsonCorrCoef' reached 0.43660 (best 0.43660), saving model to '/home/belyash/ML/binding-affinity-BelyashMatvey/logs/runs/2025-05-04/18:27:11/checkpoints/epoch_043.ckpt' as top 1
[2025-05-04 18:27:42,028][pytorch_lightning.utilities.rank_zero][INFO] - Epoch 44, global step 225: 'val/PearsonCorrCoef' reached 0.43695 (best 0.43695), saving model to '/home/belyash/ML/binding-affinity-BelyashMatvey/logs/runs/2025-05-04/18:27:11/checkpoints/epoch_044.ckpt' as top 1
[2025-05-04 18:27:42,840][pytorch_lightning.utilities.rank_zero][INFO] - Epoch 45, global step 230: 'val/PearsonCorrCoef' reached 0.43737 (best 0.43737), saving model to '/home/belyash/ML/binding-affinity-BelyashMatvey/logs/runs/2025-05-04/18:27:11/checkpoints/epoch_045.ckpt' as top 1
[2025-05-04 18:27:43,490][pytorch_lightning.utilities.rank_zero][INFO] - Epoch 46, global step 235: 'val/PearsonCorrCoef' reached 0.43792 (best 0.43792), saving model to '/home/belyash/ML/binding-affinity-BelyashMatvey/logs/runs/2025-05-04/18:27:11/checkpoints/epoch_046.ckpt' as top 1
[2025-05-04 18:27:44,322][pytorch_lightning.utilities.rank_zero][INFO] - Epoch 47, global step 240: 'val/PearsonCorrCoef' reached 0.43873 (best 0.43873), saving model to '/home/belyash/ML/binding-affinity-BelyashMatvey/logs/runs/2025-05-04/18:27:11/checkpoints/epoch_047.ckpt' as top 1
[2025-05-04 18:27:45,000][pytorch_lightning.utilities.rank_zero][INFO] - Epoch 48, global step 245: 'val/PearsonCorrCoef' reached 0.43967 (best 0.43967), saving model to '/home/belyash/ML/binding-affinity-BelyashMatvey/logs/runs/2025-05-04/18:27:11/checkpoints/epoch_048.ckpt' as top 1
[2025-05-04 18:27:45,672][pytorch_lightning.utilities.rank_zero][INFO] - Epoch 49, global step 250: 'val/PearsonCorrCoef' reached 0.44045 (best 0.44045), saving model to '/home/belyash/ML/binding-affinity-BelyashMatvey/logs/runs/2025-05-04/18:27:11/checkpoints/epoch_049.ckpt' as top 1
[2025-05-04 18:27:46,463][pytorch_lightning.utilities.rank_zero][INFO] - Epoch 50, global step 255: 'val/PearsonCorrCoef' reached 0.44126 (best 0.44126), saving model to '/home/belyash/ML/binding-affinity-BelyashMatvey/logs/runs/2025-05-04/18:27:11/checkpoints/epoch_050.ckpt' as top 1
[2025-05-04 18:27:47,301][pytorch_lightning.utilities.rank_zero][INFO] - Epoch 51, global step 260: 'val/PearsonCorrCoef' reached 0.44197 (best 0.44197), saving model to '/home/belyash/ML/binding-affinity-BelyashMatvey/logs/runs/2025-05-04/18:27:11/checkpoints/epoch_051.ckpt' as top 1
[2025-05-04 18:27:48,132][pytorch_lightning.utilities.rank_zero][INFO] - Epoch 52, global step 265: 'val/PearsonCorrCoef' reached 0.44252 (best 0.44252), saving model to '/home/belyash/ML/binding-affinity-BelyashMatvey/logs/runs/2025-05-04/18:27:11/checkpoints/epoch_052.ckpt' as top 1
[2025-05-04 18:27:49,048][pytorch_lightning.utilities.rank_zero][INFO] - Epoch 53, global step 270: 'val/PearsonCorrCoef' reached 0.44304 (best 0.44304), saving model to '/home/belyash/ML/binding-affinity-BelyashMatvey/logs/runs/2025-05-04/18:27:11/checkpoints/epoch_053.ckpt' as top 1
[2025-05-04 18:27:49,850][pytorch_lightning.utilities.rank_zero][INFO] - Epoch 54, global step 275: 'val/PearsonCorrCoef' reached 0.44368 (best 0.44368), saving model to '/home/belyash/ML/binding-affinity-BelyashMatvey/logs/runs/2025-05-04/18:27:11/checkpoints/epoch_054.ckpt' as top 1
[2025-05-04 18:27:50,612][pytorch_lightning.utilities.rank_zero][INFO] - Epoch 55, global step 280: 'val/PearsonCorrCoef' reached 0.44442 (best 0.44442), saving model to '/home/belyash/ML/binding-affinity-BelyashMatvey/logs/runs/2025-05-04/18:27:11/checkpoints/epoch_055.ckpt' as top 1
[2025-05-04 18:27:51,364][pytorch_lightning.utilities.rank_zero][INFO] - Epoch 56, global step 285: 'val/PearsonCorrCoef' reached 0.44513 (best 0.44513), saving model to '/home/belyash/ML/binding-affinity-BelyashMatvey/logs/runs/2025-05-04/18:27:11/checkpoints/epoch_056.ckpt' as top 1
[2025-05-04 18:27:52,202][pytorch_lightning.utilities.rank_zero][INFO] - Epoch 57, global step 290: 'val/PearsonCorrCoef' reached 0.44574 (best 0.44574), saving model to '/home/belyash/ML/binding-affinity-BelyashMatvey/logs/runs/2025-05-04/18:27:11/checkpoints/epoch_057.ckpt' as top 1
[2025-05-04 18:27:53,014][pytorch_lightning.utilities.rank_zero][INFO] - Epoch 58, global step 295: 'val/PearsonCorrCoef' reached 0.44639 (best 0.44639), saving model to '/home/belyash/ML/binding-affinity-BelyashMatvey/logs/runs/2025-05-04/18:27:11/checkpoints/epoch_058.ckpt' as top 1
[2025-05-04 18:27:53,791][pytorch_lightning.utilities.rank_zero][INFO] - Epoch 59, global step 300: 'val/PearsonCorrCoef' reached 0.44712 (best 0.44712), saving model to '/home/belyash/ML/binding-affinity-BelyashMatvey/logs/runs/2025-05-04/18:27:11/checkpoints/epoch_059.ckpt' as top 1
[2025-05-04 18:27:54,548][pytorch_lightning.utilities.rank_zero][INFO] - Epoch 60, global step 305: 'val/PearsonCorrCoef' reached 0.44776 (best 0.44776), saving model to '/home/belyash/ML/binding-affinity-BelyashMatvey/logs/runs/2025-05-04/18:27:11/checkpoints/epoch_060.ckpt' as top 1
[2025-05-04 18:27:55,332][pytorch_lightning.utilities.rank_zero][INFO] - Epoch 61, global step 310: 'val/PearsonCorrCoef' reached 0.44829 (best 0.44829), saving model to '/home/belyash/ML/binding-affinity-BelyashMatvey/logs/runs/2025-05-04/18:27:11/checkpoints/epoch_061.ckpt' as top 1
[2025-05-04 18:27:56,098][pytorch_lightning.utilities.rank_zero][INFO] - Epoch 62, global step 315: 'val/PearsonCorrCoef' reached 0.44886 (best 0.44886), saving model to '/home/belyash/ML/binding-affinity-BelyashMatvey/logs/runs/2025-05-04/18:27:11/checkpoints/epoch_062.ckpt' as top 1
[2025-05-04 18:27:56,895][pytorch_lightning.utilities.rank_zero][INFO] - Epoch 63, global step 320: 'val/PearsonCorrCoef' reached 0.44951 (best 0.44951), saving model to '/home/belyash/ML/binding-affinity-BelyashMatvey/logs/runs/2025-05-04/18:27:11/checkpoints/epoch_063.ckpt' as top 1
[2025-05-04 18:27:57,630][pytorch_lightning.utilities.rank_zero][INFO] - Epoch 64, global step 325: 'val/PearsonCorrCoef' reached 0.44995 (best 0.44995), saving model to '/home/belyash/ML/binding-affinity-BelyashMatvey/logs/runs/2025-05-04/18:27:11/checkpoints/epoch_064.ckpt' as top 1
[2025-05-04 18:27:58,384][pytorch_lightning.utilities.rank_zero][INFO] - Epoch 65, global step 330: 'val/PearsonCorrCoef' reached 0.45065 (best 0.45065), saving model to '/home/belyash/ML/binding-affinity-BelyashMatvey/logs/runs/2025-05-04/18:27:11/checkpoints/epoch_065.ckpt' as top 1
[2025-05-04 18:27:59,260][pytorch_lightning.utilities.rank_zero][INFO] - Epoch 66, global step 335: 'val/PearsonCorrCoef' reached 0.45135 (best 0.45135), saving model to '/home/belyash/ML/binding-affinity-BelyashMatvey/logs/runs/2025-05-04/18:27:11/checkpoints/epoch_066.ckpt' as top 1
[2025-05-04 18:28:00,072][pytorch_lightning.utilities.rank_zero][INFO] - Epoch 67, global step 340: 'val/PearsonCorrCoef' reached 0.45211 (best 0.45211), saving model to '/home/belyash/ML/binding-affinity-BelyashMatvey/logs/runs/2025-05-04/18:27:11/checkpoints/epoch_067.ckpt' as top 1
[2025-05-04 18:28:00,826][pytorch_lightning.utilities.rank_zero][INFO] - Epoch 68, global step 345: 'val/PearsonCorrCoef' reached 0.45276 (best 0.45276), saving model to '/home/belyash/ML/binding-affinity-BelyashMatvey/logs/runs/2025-05-04/18:27:11/checkpoints/epoch_068.ckpt' as top 1
[2025-05-04 18:28:01,567][pytorch_lightning.utilities.rank_zero][INFO] - Epoch 69, global step 350: 'val/PearsonCorrCoef' reached 0.45327 (best 0.45327), saving model to '/home/belyash/ML/binding-affinity-BelyashMatvey/logs/runs/2025-05-04/18:27:11/checkpoints/epoch_069.ckpt' as top 1
[2025-05-04 18:28:02,321][pytorch_lightning.utilities.rank_zero][INFO] - Epoch 70, global step 355: 'val/PearsonCorrCoef' reached 0.45365 (best 0.45365), saving model to '/home/belyash/ML/binding-affinity-BelyashMatvey/logs/runs/2025-05-04/18:27:11/checkpoints/epoch_070.ckpt' as top 1
[2025-05-04 18:28:03,092][pytorch_lightning.utilities.rank_zero][INFO] - Epoch 71, global step 360: 'val/PearsonCorrCoef' reached 0.45391 (best 0.45391), saving model to '/home/belyash/ML/binding-affinity-BelyashMatvey/logs/runs/2025-05-04/18:27:11/checkpoints/epoch_071.ckpt' as top 1
[2025-05-04 18:28:03,862][pytorch_lightning.utilities.rank_zero][INFO] - Epoch 72, global step 365: 'val/PearsonCorrCoef' reached 0.45424 (best 0.45424), saving model to '/home/belyash/ML/binding-affinity-BelyashMatvey/logs/runs/2025-05-04/18:27:11/checkpoints/epoch_072.ckpt' as top 1
[2025-05-04 18:28:04,656][pytorch_lightning.utilities.rank_zero][INFO] - Epoch 73, global step 370: 'val/PearsonCorrCoef' reached 0.45459 (best 0.45459), saving model to '/home/belyash/ML/binding-affinity-BelyashMatvey/logs/runs/2025-05-04/18:27:11/checkpoints/epoch_073.ckpt' as top 1
[2025-05-04 18:28:05,434][pytorch_lightning.utilities.rank_zero][INFO] - Epoch 74, global step 375: 'val/PearsonCorrCoef' reached 0.45503 (best 0.45503), saving model to '/home/belyash/ML/binding-affinity-BelyashMatvey/logs/runs/2025-05-04/18:27:11/checkpoints/epoch_074.ckpt' as top 1
[2025-05-04 18:28:06,192][pytorch_lightning.utilities.rank_zero][INFO] - Epoch 75, global step 380: 'val/PearsonCorrCoef' reached 0.45549 (best 0.45549), saving model to '/home/belyash/ML/binding-affinity-BelyashMatvey/logs/runs/2025-05-04/18:27:11/checkpoints/epoch_075.ckpt' as top 1
[2025-05-04 18:28:06,951][pytorch_lightning.utilities.rank_zero][INFO] - Epoch 76, global step 385: 'val/PearsonCorrCoef' reached 0.45598 (best 0.45598), saving model to '/home/belyash/ML/binding-affinity-BelyashMatvey/logs/runs/2025-05-04/18:27:11/checkpoints/epoch_076.ckpt' as top 1
[2025-05-04 18:28:07,673][pytorch_lightning.utilities.rank_zero][INFO] - Epoch 77, global step 390: 'val/PearsonCorrCoef' reached 0.45658 (best 0.45658), saving model to '/home/belyash/ML/binding-affinity-BelyashMatvey/logs/runs/2025-05-04/18:27:11/checkpoints/epoch_077.ckpt' as top 1
[2025-05-04 18:28:08,453][pytorch_lightning.utilities.rank_zero][INFO] - Epoch 78, global step 395: 'val/PearsonCorrCoef' reached 0.45719 (best 0.45719), saving model to '/home/belyash/ML/binding-affinity-BelyashMatvey/logs/runs/2025-05-04/18:27:11/checkpoints/epoch_078.ckpt' as top 1
[2025-05-04 18:28:09,260][pytorch_lightning.utilities.rank_zero][INFO] - Epoch 79, global step 400: 'val/PearsonCorrCoef' reached 0.45785 (best 0.45785), saving model to '/home/belyash/ML/binding-affinity-BelyashMatvey/logs/runs/2025-05-04/18:27:11/checkpoints/epoch_079.ckpt' as top 1
[2025-05-04 18:28:10,000][pytorch_lightning.utilities.rank_zero][INFO] - Epoch 80, global step 405: 'val/PearsonCorrCoef' reached 0.45846 (best 0.45846), saving model to '/home/belyash/ML/binding-affinity-BelyashMatvey/logs/runs/2025-05-04/18:27:11/checkpoints/epoch_080.ckpt' as top 1
[2025-05-04 18:28:10,811][pytorch_lightning.utilities.rank_zero][INFO] - Epoch 81, global step 410: 'val/PearsonCorrCoef' reached 0.45897 (best 0.45897), saving model to '/home/belyash/ML/binding-affinity-BelyashMatvey/logs/runs/2025-05-04/18:27:11/checkpoints/epoch_081.ckpt' as top 1
[2025-05-04 18:28:11,585][pytorch_lightning.utilities.rank_zero][INFO] - Epoch 82, global step 415: 'val/PearsonCorrCoef' reached 0.45940 (best 0.45940), saving model to '/home/belyash/ML/binding-affinity-BelyashMatvey/logs/runs/2025-05-04/18:27:11/checkpoints/epoch_082.ckpt' as top 1
[2025-05-04 18:28:12,370][pytorch_lightning.utilities.rank_zero][INFO] - Epoch 83, global step 420: 'val/PearsonCorrCoef' reached 0.45997 (best 0.45997), saving model to '/home/belyash/ML/binding-affinity-BelyashMatvey/logs/runs/2025-05-04/18:27:11/checkpoints/epoch_083.ckpt' as top 1
[2025-05-04 18:28:13,120][pytorch_lightning.utilities.rank_zero][INFO] - Epoch 84, global step 425: 'val/PearsonCorrCoef' reached 0.46046 (best 0.46046), saving model to '/home/belyash/ML/binding-affinity-BelyashMatvey/logs/runs/2025-05-04/18:27:11/checkpoints/epoch_084.ckpt' as top 1
[2025-05-04 18:28:13,961][pytorch_lightning.utilities.rank_zero][INFO] - Epoch 85, global step 430: 'val/PearsonCorrCoef' reached 0.46079 (best 0.46079), saving model to '/home/belyash/ML/binding-affinity-BelyashMatvey/logs/runs/2025-05-04/18:27:11/checkpoints/epoch_085.ckpt' as top 1
[2025-05-04 18:28:14,807][pytorch_lightning.utilities.rank_zero][INFO] - Epoch 86, global step 435: 'val/PearsonCorrCoef' reached 0.46128 (best 0.46128), saving model to '/home/belyash/ML/binding-affinity-BelyashMatvey/logs/runs/2025-05-04/18:27:11/checkpoints/epoch_086.ckpt' as top 1
[2025-05-04 18:28:15,619][pytorch_lightning.utilities.rank_zero][INFO] - Epoch 87, global step 440: 'val/PearsonCorrCoef' reached 0.46180 (best 0.46180), saving model to '/home/belyash/ML/binding-affinity-BelyashMatvey/logs/runs/2025-05-04/18:27:11/checkpoints/epoch_087.ckpt' as top 1
[2025-05-04 18:28:16,372][pytorch_lightning.utilities.rank_zero][INFO] - Epoch 88, global step 445: 'val/PearsonCorrCoef' reached 0.46223 (best 0.46223), saving model to '/home/belyash/ML/binding-affinity-BelyashMatvey/logs/runs/2025-05-04/18:27:11/checkpoints/epoch_088.ckpt' as top 1
[2025-05-04 18:28:17,151][pytorch_lightning.utilities.rank_zero][INFO] - Epoch 89, global step 450: 'val/PearsonCorrCoef' reached 0.46259 (best 0.46259), saving model to '/home/belyash/ML/binding-affinity-BelyashMatvey/logs/runs/2025-05-04/18:27:11/checkpoints/epoch_089.ckpt' as top 1
[2025-05-04 18:28:17,900][pytorch_lightning.utilities.rank_zero][INFO] - Epoch 90, global step 455: 'val/PearsonCorrCoef' reached 0.46293 (best 0.46293), saving model to '/home/belyash/ML/binding-affinity-BelyashMatvey/logs/runs/2025-05-04/18:27:11/checkpoints/epoch_090.ckpt' as top 1
[2025-05-04 18:28:18,672][pytorch_lightning.utilities.rank_zero][INFO] - Epoch 91, global step 460: 'val/PearsonCorrCoef' reached 0.46336 (best 0.46336), saving model to '/home/belyash/ML/binding-affinity-BelyashMatvey/logs/runs/2025-05-04/18:27:11/checkpoints/epoch_091.ckpt' as top 1
[2025-05-04 18:28:19,418][pytorch_lightning.utilities.rank_zero][INFO] - Epoch 92, global step 465: 'val/PearsonCorrCoef' reached 0.46383 (best 0.46383), saving model to '/home/belyash/ML/binding-affinity-BelyashMatvey/logs/runs/2025-05-04/18:27:11/checkpoints/epoch_092.ckpt' as top 1
[2025-05-04 18:28:20,143][pytorch_lightning.utilities.rank_zero][INFO] - Epoch 93, global step 470: 'val/PearsonCorrCoef' reached 0.46443 (best 0.46443), saving model to '/home/belyash/ML/binding-affinity-BelyashMatvey/logs/runs/2025-05-04/18:27:11/checkpoints/epoch_093.ckpt' as top 1
[2025-05-04 18:28:20,873][pytorch_lightning.utilities.rank_zero][INFO] - Epoch 94, global step 475: 'val/PearsonCorrCoef' reached 0.46496 (best 0.46496), saving model to '/home/belyash/ML/binding-affinity-BelyashMatvey/logs/runs/2025-05-04/18:27:11/checkpoints/epoch_094.ckpt' as top 1
[2025-05-04 18:28:21,630][pytorch_lightning.utilities.rank_zero][INFO] - Epoch 95, global step 480: 'val/PearsonCorrCoef' reached 0.46547 (best 0.46547), saving model to '/home/belyash/ML/binding-affinity-BelyashMatvey/logs/runs/2025-05-04/18:27:11/checkpoints/epoch_095.ckpt' as top 1
[2025-05-04 18:28:22,418][pytorch_lightning.utilities.rank_zero][INFO] - Epoch 96, global step 485: 'val/PearsonCorrCoef' reached 0.46609 (best 0.46609), saving model to '/home/belyash/ML/binding-affinity-BelyashMatvey/logs/runs/2025-05-04/18:27:11/checkpoints/epoch_096.ckpt' as top 1
[2025-05-04 18:28:23,167][pytorch_lightning.utilities.rank_zero][INFO] - Epoch 97, global step 490: 'val/PearsonCorrCoef' reached 0.46653 (best 0.46653), saving model to '/home/belyash/ML/binding-affinity-BelyashMatvey/logs/runs/2025-05-04/18:27:11/checkpoints/epoch_097.ckpt' as top 1
[2025-05-04 18:28:23,959][pytorch_lightning.utilities.rank_zero][INFO] - Epoch 98, global step 495: 'val/PearsonCorrCoef' reached 0.46696 (best 0.46696), saving model to '/home/belyash/ML/binding-affinity-BelyashMatvey/logs/runs/2025-05-04/18:27:11/checkpoints/epoch_098.ckpt' as top 1
[2025-05-04 18:28:24,665][pytorch_lightning.utilities.rank_zero][INFO] - Epoch 99, global step 500: 'val/PearsonCorrCoef' reached 0.46734 (best 0.46734), saving model to '/home/belyash/ML/binding-affinity-BelyashMatvey/logs/runs/2025-05-04/18:27:11/checkpoints/epoch_099.ckpt' as top 1
[2025-05-04 18:28:25,308][pytorch_lightning.utilities.rank_zero][INFO] - Epoch 100, global step 505: 'val/PearsonCorrCoef' reached 0.46763 (best 0.46763), saving model to '/home/belyash/ML/binding-affinity-BelyashMatvey/logs/runs/2025-05-04/18:27:11/checkpoints/epoch_100.ckpt' as top 1
[2025-05-04 18:28:25,996][pytorch_lightning.utilities.rank_zero][INFO] - Epoch 101, global step 510: 'val/PearsonCorrCoef' reached 0.46790 (best 0.46790), saving model to '/home/belyash/ML/binding-affinity-BelyashMatvey/logs/runs/2025-05-04/18:27:11/checkpoints/epoch_101.ckpt' as top 1
[2025-05-04 18:28:26,673][pytorch_lightning.utilities.rank_zero][INFO] - Epoch 102, global step 515: 'val/PearsonCorrCoef' reached 0.46835 (best 0.46835), saving model to '/home/belyash/ML/binding-affinity-BelyashMatvey/logs/runs/2025-05-04/18:27:11/checkpoints/epoch_102.ckpt' as top 1
[2025-05-04 18:28:27,352][pytorch_lightning.utilities.rank_zero][INFO] - Epoch 103, global step 520: 'val/PearsonCorrCoef' reached 0.46895 (best 0.46895), saving model to '/home/belyash/ML/binding-affinity-BelyashMatvey/logs/runs/2025-05-04/18:27:11/checkpoints/epoch_103.ckpt' as top 1
[2025-05-04 18:28:28,024][pytorch_lightning.utilities.rank_zero][INFO] - Epoch 104, global step 525: 'val/PearsonCorrCoef' reached 0.46947 (best 0.46947), saving model to '/home/belyash/ML/binding-affinity-BelyashMatvey/logs/runs/2025-05-04/18:27:11/checkpoints/epoch_104.ckpt' as top 1
[2025-05-04 18:28:28,691][pytorch_lightning.utilities.rank_zero][INFO] - Epoch 105, global step 530: 'val/PearsonCorrCoef' reached 0.46988 (best 0.46988), saving model to '/home/belyash/ML/binding-affinity-BelyashMatvey/logs/runs/2025-05-04/18:27:11/checkpoints/epoch_105.ckpt' as top 1
[2025-05-04 18:28:29,495][pytorch_lightning.utilities.rank_zero][INFO] - Epoch 106, global step 535: 'val/PearsonCorrCoef' reached 0.47035 (best 0.47035), saving model to '/home/belyash/ML/binding-affinity-BelyashMatvey/logs/runs/2025-05-04/18:27:11/checkpoints/epoch_106.ckpt' as top 1
[2025-05-04 18:28:30,177][pytorch_lightning.utilities.rank_zero][INFO] - Epoch 107, global step 540: 'val/PearsonCorrCoef' reached 0.47062 (best 0.47062), saving model to '/home/belyash/ML/binding-affinity-BelyashMatvey/logs/runs/2025-05-04/18:27:11/checkpoints/epoch_107.ckpt' as top 1
[2025-05-04 18:28:30,849][pytorch_lightning.utilities.rank_zero][INFO] - Epoch 108, global step 545: 'val/PearsonCorrCoef' reached 0.47085 (best 0.47085), saving model to '/home/belyash/ML/binding-affinity-BelyashMatvey/logs/runs/2025-05-04/18:27:11/checkpoints/epoch_108.ckpt' as top 1
[2025-05-04 18:28:31,517][pytorch_lightning.utilities.rank_zero][INFO] - Epoch 109, global step 550: 'val/PearsonCorrCoef' reached 0.47111 (best 0.47111), saving model to '/home/belyash/ML/binding-affinity-BelyashMatvey/logs/runs/2025-05-04/18:27:11/checkpoints/epoch_109.ckpt' as top 1
[2025-05-04 18:28:32,185][pytorch_lightning.utilities.rank_zero][INFO] - Epoch 110, global step 555: 'val/PearsonCorrCoef' reached 0.47142 (best 0.47142), saving model to '/home/belyash/ML/binding-affinity-BelyashMatvey/logs/runs/2025-05-04/18:27:11/checkpoints/epoch_110.ckpt' as top 1
[2025-05-04 18:28:32,828][pytorch_lightning.utilities.rank_zero][INFO] - Epoch 111, global step 560: 'val/PearsonCorrCoef' reached 0.47192 (best 0.47192), saving model to '/home/belyash/ML/binding-affinity-BelyashMatvey/logs/runs/2025-05-04/18:27:11/checkpoints/epoch_111.ckpt' as top 1
[2025-05-04 18:28:33,482][pytorch_lightning.utilities.rank_zero][INFO] - Epoch 112, global step 565: 'val/PearsonCorrCoef' reached 0.47223 (best 0.47223), saving model to '/home/belyash/ML/binding-affinity-BelyashMatvey/logs/runs/2025-05-04/18:27:11/checkpoints/epoch_112.ckpt' as top 1
[2025-05-04 18:28:34,175][pytorch_lightning.utilities.rank_zero][INFO] - Epoch 113, global step 570: 'val/PearsonCorrCoef' reached 0.47272 (best 0.47272), saving model to '/home/belyash/ML/binding-affinity-BelyashMatvey/logs/runs/2025-05-04/18:27:11/checkpoints/epoch_113.ckpt' as top 1
[2025-05-04 18:28:34,880][pytorch_lightning.utilities.rank_zero][INFO] - Epoch 114, global step 575: 'val/PearsonCorrCoef' reached 0.47312 (best 0.47312), saving model to '/home/belyash/ML/binding-affinity-BelyashMatvey/logs/runs/2025-05-04/18:27:11/checkpoints/epoch_114.ckpt' as top 1
[2025-05-04 18:28:35,561][pytorch_lightning.utilities.rank_zero][INFO] - Epoch 115, global step 580: 'val/PearsonCorrCoef' reached 0.47314 (best 0.47314), saving model to '/home/belyash/ML/binding-affinity-BelyashMatvey/logs/runs/2025-05-04/18:27:11/checkpoints/epoch_115.ckpt' as top 1
[2025-05-04 18:28:36,213][pytorch_lightning.utilities.rank_zero][INFO] - Epoch 116, global step 585: 'val/PearsonCorrCoef' reached 0.47352 (best 0.47352), saving model to '/home/belyash/ML/binding-affinity-BelyashMatvey/logs/runs/2025-05-04/18:27:11/checkpoints/epoch_116.ckpt' as top 1
[2025-05-04 18:28:36,877][pytorch_lightning.utilities.rank_zero][INFO] - Epoch 117, global step 590: 'val/PearsonCorrCoef' reached 0.47381 (best 0.47381), saving model to '/home/belyash/ML/binding-affinity-BelyashMatvey/logs/runs/2025-05-04/18:27:11/checkpoints/epoch_117.ckpt' as top 1
[2025-05-04 18:28:37,530][pytorch_lightning.utilities.rank_zero][INFO] - Epoch 118, global step 595: 'val/PearsonCorrCoef' reached 0.47408 (best 0.47408), saving model to '/home/belyash/ML/binding-affinity-BelyashMatvey/logs/runs/2025-05-04/18:27:11/checkpoints/epoch_118.ckpt' as top 1
[2025-05-04 18:28:38,190][pytorch_lightning.utilities.rank_zero][INFO] - Epoch 119, global step 600: 'val/PearsonCorrCoef' reached 0.47418 (best 0.47418), saving model to '/home/belyash/ML/binding-affinity-BelyashMatvey/logs/runs/2025-05-04/18:27:11/checkpoints/epoch_119.ckpt' as top 1
[2025-05-04 18:28:38,855][pytorch_lightning.utilities.rank_zero][INFO] - Epoch 120, global step 605: 'val/PearsonCorrCoef' reached 0.47437 (best 0.47437), saving model to '/home/belyash/ML/binding-affinity-BelyashMatvey/logs/runs/2025-05-04/18:27:11/checkpoints/epoch_120.ckpt' as top 1
[2025-05-04 18:28:39,615][pytorch_lightning.utilities.rank_zero][INFO] - Epoch 121, global step 610: 'val/PearsonCorrCoef' reached 0.47465 (best 0.47465), saving model to '/home/belyash/ML/binding-affinity-BelyashMatvey/logs/runs/2025-05-04/18:27:11/checkpoints/epoch_121.ckpt' as top 1
[2025-05-04 18:28:40,390][pytorch_lightning.utilities.rank_zero][INFO] - Epoch 122, global step 615: 'val/PearsonCorrCoef' reached 0.47490 (best 0.47490), saving model to '/home/belyash/ML/binding-affinity-BelyashMatvey/logs/runs/2025-05-04/18:27:11/checkpoints/epoch_122.ckpt' as top 1
[2025-05-04 18:28:41,146][pytorch_lightning.utilities.rank_zero][INFO] - Epoch 123, global step 620: 'val/PearsonCorrCoef' reached 0.47526 (best 0.47526), saving model to '/home/belyash/ML/binding-affinity-BelyashMatvey/logs/runs/2025-05-04/18:27:11/checkpoints/epoch_123.ckpt' as top 1
[2025-05-04 18:28:41,913][pytorch_lightning.utilities.rank_zero][INFO] - Epoch 124, global step 625: 'val/PearsonCorrCoef' reached 0.47546 (best 0.47546), saving model to '/home/belyash/ML/binding-affinity-BelyashMatvey/logs/runs/2025-05-04/18:27:11/checkpoints/epoch_124.ckpt' as top 1
[2025-05-04 18:28:42,661][pytorch_lightning.utilities.rank_zero][INFO] - Epoch 125, global step 630: 'val/PearsonCorrCoef' reached 0.47583 (best 0.47583), saving model to '/home/belyash/ML/binding-affinity-BelyashMatvey/logs/runs/2025-05-04/18:27:11/checkpoints/epoch_125.ckpt' as top 1
[2025-05-04 18:28:43,408][pytorch_lightning.utilities.rank_zero][INFO] - Epoch 126, global step 635: 'val/PearsonCorrCoef' reached 0.47597 (best 0.47597), saving model to '/home/belyash/ML/binding-affinity-BelyashMatvey/logs/runs/2025-05-04/18:27:11/checkpoints/epoch_126.ckpt' as top 1
[2025-05-04 18:28:44,266][pytorch_lightning.utilities.rank_zero][INFO] - Epoch 127, global step 640: 'val/PearsonCorrCoef' reached 0.47631 (best 0.47631), saving model to '/home/belyash/ML/binding-affinity-BelyashMatvey/logs/runs/2025-05-04/18:27:11/checkpoints/epoch_127.ckpt' as top 1
[2025-05-04 18:28:45,049][pytorch_lightning.utilities.rank_zero][INFO] - Epoch 128, global step 645: 'val/PearsonCorrCoef' reached 0.47675 (best 0.47675), saving model to '/home/belyash/ML/binding-affinity-BelyashMatvey/logs/runs/2025-05-04/18:27:11/checkpoints/epoch_128.ckpt' as top 1
[2025-05-04 18:28:45,788][pytorch_lightning.utilities.rank_zero][INFO] - Epoch 129, global step 650: 'val/PearsonCorrCoef' reached 0.47731 (best 0.47731), saving model to '/home/belyash/ML/binding-affinity-BelyashMatvey/logs/runs/2025-05-04/18:27:11/checkpoints/epoch_129.ckpt' as top 1
[2025-05-04 18:28:46,549][pytorch_lightning.utilities.rank_zero][INFO] - Epoch 130, global step 655: 'val/PearsonCorrCoef' reached 0.47739 (best 0.47739), saving model to '/home/belyash/ML/binding-affinity-BelyashMatvey/logs/runs/2025-05-04/18:27:11/checkpoints/epoch_130.ckpt' as top 1
[2025-05-04 18:28:47,305][pytorch_lightning.utilities.rank_zero][INFO] - Epoch 131, global step 660: 'val/PearsonCorrCoef' reached 0.47755 (best 0.47755), saving model to '/home/belyash/ML/binding-affinity-BelyashMatvey/logs/runs/2025-05-04/18:27:11/checkpoints/epoch_131.ckpt' as top 1
[2025-05-04 18:28:48,082][pytorch_lightning.utilities.rank_zero][INFO] - Epoch 132, global step 665: 'val/PearsonCorrCoef' reached 0.47782 (best 0.47782), saving model to '/home/belyash/ML/binding-affinity-BelyashMatvey/logs/runs/2025-05-04/18:27:11/checkpoints/epoch_132.ckpt' as top 1
[2025-05-04 18:28:48,864][pytorch_lightning.utilities.rank_zero][INFO] - Epoch 133, global step 670: 'val/PearsonCorrCoef' reached 0.47796 (best 0.47796), saving model to '/home/belyash/ML/binding-affinity-BelyashMatvey/logs/runs/2025-05-04/18:27:11/checkpoints/epoch_133.ckpt' as top 1
[2025-05-04 18:28:49,654][pytorch_lightning.utilities.rank_zero][INFO] - Epoch 134, global step 675: 'val/PearsonCorrCoef' reached 0.47827 (best 0.47827), saving model to '/home/belyash/ML/binding-affinity-BelyashMatvey/logs/runs/2025-05-04/18:27:11/checkpoints/epoch_134.ckpt' as top 1
[2025-05-04 18:28:50,396][pytorch_lightning.utilities.rank_zero][INFO] - Epoch 135, global step 680: 'val/PearsonCorrCoef' reached 0.47874 (best 0.47874), saving model to '/home/belyash/ML/binding-affinity-BelyashMatvey/logs/runs/2025-05-04/18:27:11/checkpoints/epoch_135.ckpt' as top 1
[2025-05-04 18:28:51,127][pytorch_lightning.utilities.rank_zero][INFO] - Epoch 136, global step 685: 'val/PearsonCorrCoef' reached 0.47881 (best 0.47881), saving model to '/home/belyash/ML/binding-affinity-BelyashMatvey/logs/runs/2025-05-04/18:27:11/checkpoints/epoch_136.ckpt' as top 1
[2025-05-04 18:28:51,935][pytorch_lightning.utilities.rank_zero][INFO] - Epoch 137, global step 690: 'val/PearsonCorrCoef' reached 0.47893 (best 0.47893), saving model to '/home/belyash/ML/binding-affinity-BelyashMatvey/logs/runs/2025-05-04/18:27:11/checkpoints/epoch_137.ckpt' as top 1
[2025-05-04 18:28:52,681][pytorch_lightning.utilities.rank_zero][INFO] - Epoch 138, global step 695: 'val/PearsonCorrCoef' reached 0.47922 (best 0.47922), saving model to '/home/belyash/ML/binding-affinity-BelyashMatvey/logs/runs/2025-05-04/18:27:11/checkpoints/epoch_138.ckpt' as top 1
[2025-05-04 18:28:53,449][pytorch_lightning.utilities.rank_zero][INFO] - Epoch 139, global step 700: 'val/PearsonCorrCoef' reached 0.47978 (best 0.47978), saving model to '/home/belyash/ML/binding-affinity-BelyashMatvey/logs/runs/2025-05-04/18:27:11/checkpoints/epoch_139.ckpt' as top 1
[2025-05-04 18:28:54,259][pytorch_lightning.utilities.rank_zero][INFO] - Epoch 140, global step 705: 'val/PearsonCorrCoef' reached 0.48058 (best 0.48058), saving model to '/home/belyash/ML/binding-affinity-BelyashMatvey/logs/runs/2025-05-04/18:27:11/checkpoints/epoch_140.ckpt' as top 1
[2025-05-04 18:28:55,021][pytorch_lightning.utilities.rank_zero][INFO] - Epoch 141, global step 710: 'val/PearsonCorrCoef' reached 0.48107 (best 0.48107), saving model to '/home/belyash/ML/binding-affinity-BelyashMatvey/logs/runs/2025-05-04/18:27:11/checkpoints/epoch_141.ckpt' as top 1
[2025-05-04 18:28:55,837][pytorch_lightning.utilities.rank_zero][INFO] - Epoch 142, global step 715: 'val/PearsonCorrCoef' reached 0.48134 (best 0.48134), saving model to '/home/belyash/ML/binding-affinity-BelyashMatvey/logs/runs/2025-05-04/18:27:11/checkpoints/epoch_142.ckpt' as top 1
[2025-05-04 18:28:56,633][pytorch_lightning.utilities.rank_zero][INFO] - Epoch 143, global step 720: 'val/PearsonCorrCoef' reached 0.48173 (best 0.48173), saving model to '/home/belyash/ML/binding-affinity-BelyashMatvey/logs/runs/2025-05-04/18:27:11/checkpoints/epoch_143.ckpt' as top 1
[2025-05-04 18:28:57,408][pytorch_lightning.utilities.rank_zero][INFO] - Epoch 144, global step 725: 'val/PearsonCorrCoef' reached 0.48182 (best 0.48182), saving model to '/home/belyash/ML/binding-affinity-BelyashMatvey/logs/runs/2025-05-04/18:27:11/checkpoints/epoch_144.ckpt' as top 1
[2025-05-04 18:28:58,189][pytorch_lightning.utilities.rank_zero][INFO] - Epoch 145, global step 730: 'val/PearsonCorrCoef' reached 0.48200 (best 0.48200), saving model to '/home/belyash/ML/binding-affinity-BelyashMatvey/logs/runs/2025-05-04/18:27:11/checkpoints/epoch_145.ckpt' as top 1
[2025-05-04 18:28:58,996][pytorch_lightning.utilities.rank_zero][INFO] - Epoch 146, global step 735: 'val/PearsonCorrCoef' reached 0.48228 (best 0.48228), saving model to '/home/belyash/ML/binding-affinity-BelyashMatvey/logs/runs/2025-05-04/18:27:11/checkpoints/epoch_146.ckpt' as top 1
[2025-05-04 18:28:59,835][pytorch_lightning.utilities.rank_zero][INFO] - Epoch 147, global step 740: 'val/PearsonCorrCoef' reached 0.48247 (best 0.48247), saving model to '/home/belyash/ML/binding-affinity-BelyashMatvey/logs/runs/2025-05-04/18:27:11/checkpoints/epoch_147.ckpt' as top 1
[2025-05-04 18:29:00,645][pytorch_lightning.utilities.rank_zero][INFO] - Epoch 148, global step 745: 'val/PearsonCorrCoef' was not in top 1
[2025-05-04 18:29:01,465][pytorch_lightning.utilities.rank_zero][INFO] - Epoch 149, global step 750: 'val/PearsonCorrCoef' was not in top 1
[2025-05-04 18:29:02,265][pytorch_lightning.utilities.rank_zero][INFO] - Epoch 150, global step 755: 'val/PearsonCorrCoef' reached 0.48294 (best 0.48294), saving model to '/home/belyash/ML/binding-affinity-BelyashMatvey/logs/runs/2025-05-04/18:27:11/checkpoints/epoch_150.ckpt' as top 1
[2025-05-04 18:29:03,074][pytorch_lightning.utilities.rank_zero][INFO] - Epoch 151, global step 760: 'val/PearsonCorrCoef' reached 0.48324 (best 0.48324), saving model to '/home/belyash/ML/binding-affinity-BelyashMatvey/logs/runs/2025-05-04/18:27:11/checkpoints/epoch_151.ckpt' as top 1
[2025-05-04 18:29:03,861][pytorch_lightning.utilities.rank_zero][INFO] - Epoch 152, global step 765: 'val/PearsonCorrCoef' reached 0.48346 (best 0.48346), saving model to '/home/belyash/ML/binding-affinity-BelyashMatvey/logs/runs/2025-05-04/18:27:11/checkpoints/epoch_152.ckpt' as top 1
[2025-05-04 18:29:04,612][pytorch_lightning.utilities.rank_zero][INFO] - Epoch 153, global step 770: 'val/PearsonCorrCoef' reached 0.48388 (best 0.48388), saving model to '/home/belyash/ML/binding-affinity-BelyashMatvey/logs/runs/2025-05-04/18:27:11/checkpoints/epoch_153.ckpt' as top 1
[2025-05-04 18:29:05,349][pytorch_lightning.utilities.rank_zero][INFO] - Epoch 154, global step 775: 'val/PearsonCorrCoef' reached 0.48420 (best 0.48420), saving model to '/home/belyash/ML/binding-affinity-BelyashMatvey/logs/runs/2025-05-04/18:27:11/checkpoints/epoch_154.ckpt' as top 1
[2025-05-04 18:29:06,131][pytorch_lightning.utilities.rank_zero][INFO] - Epoch 155, global step 780: 'val/PearsonCorrCoef' reached 0.48421 (best 0.48421), saving model to '/home/belyash/ML/binding-affinity-BelyashMatvey/logs/runs/2025-05-04/18:27:11/checkpoints/epoch_155.ckpt' as top 1
[2025-05-04 18:29:06,915][pytorch_lightning.utilities.rank_zero][INFO] - Epoch 156, global step 785: 'val/PearsonCorrCoef' reached 0.48432 (best 0.48432), saving model to '/home/belyash/ML/binding-affinity-BelyashMatvey/logs/runs/2025-05-04/18:27:11/checkpoints/epoch_156.ckpt' as top 1
[2025-05-04 18:29:07,698][pytorch_lightning.utilities.rank_zero][INFO] - Epoch 157, global step 790: 'val/PearsonCorrCoef' reached 0.48475 (best 0.48475), saving model to '/home/belyash/ML/binding-affinity-BelyashMatvey/logs/runs/2025-05-04/18:27:11/checkpoints/epoch_157.ckpt' as top 1
[2025-05-04 18:29:08,465][pytorch_lightning.utilities.rank_zero][INFO] - Epoch 158, global step 795: 'val/PearsonCorrCoef' reached 0.48513 (best 0.48513), saving model to '/home/belyash/ML/binding-affinity-BelyashMatvey/logs/runs/2025-05-04/18:27:11/checkpoints/epoch_158.ckpt' as top 1
[2025-05-04 18:29:09,226][pytorch_lightning.utilities.rank_zero][INFO] - Epoch 159, global step 800: 'val/PearsonCorrCoef' reached 0.48524 (best 0.48524), saving model to '/home/belyash/ML/binding-affinity-BelyashMatvey/logs/runs/2025-05-04/18:27:11/checkpoints/epoch_159.ckpt' as top 1
[2025-05-04 18:29:09,982][pytorch_lightning.utilities.rank_zero][INFO] - Epoch 160, global step 805: 'val/PearsonCorrCoef' reached 0.48528 (best 0.48528), saving model to '/home/belyash/ML/binding-affinity-BelyashMatvey/logs/runs/2025-05-04/18:27:11/checkpoints/epoch_160.ckpt' as top 1
[2025-05-04 18:29:10,715][pytorch_lightning.utilities.rank_zero][INFO] - Epoch 161, global step 810: 'val/PearsonCorrCoef' reached 0.48551 (best 0.48551), saving model to '/home/belyash/ML/binding-affinity-BelyashMatvey/logs/runs/2025-05-04/18:27:11/checkpoints/epoch_161.ckpt' as top 1
[2025-05-04 18:29:11,463][pytorch_lightning.utilities.rank_zero][INFO] - Epoch 162, global step 815: 'val/PearsonCorrCoef' was not in top 1
[2025-05-04 18:29:12,216][pytorch_lightning.utilities.rank_zero][INFO] - Epoch 163, global step 820: 'val/PearsonCorrCoef' was not in top 1
[2025-05-04 18:29:12,989][pytorch_lightning.utilities.rank_zero][INFO] - Epoch 164, global step 825: 'val/PearsonCorrCoef' was not in top 1
[2025-05-04 18:29:13,731][pytorch_lightning.utilities.rank_zero][INFO] - Epoch 165, global step 830: 'val/PearsonCorrCoef' was not in top 1
[2025-05-04 18:29:14,637][pytorch_lightning.utilities.rank_zero][INFO] - Epoch 166, global step 835: 'val/PearsonCorrCoef' reached 0.48587 (best 0.48587), saving model to '/home/belyash/ML/binding-affinity-BelyashMatvey/logs/runs/2025-05-04/18:27:11/checkpoints/epoch_166.ckpt' as top 1
[2025-05-04 18:29:15,364][pytorch_lightning.utilities.rank_zero][INFO] - Epoch 167, global step 840: 'val/PearsonCorrCoef' reached 0.48594 (best 0.48594), saving model to '/home/belyash/ML/binding-affinity-BelyashMatvey/logs/runs/2025-05-04/18:27:11/checkpoints/epoch_167.ckpt' as top 1
[2025-05-04 18:29:16,092][pytorch_lightning.utilities.rank_zero][INFO] - Epoch 168, global step 845: 'val/PearsonCorrCoef' was not in top 1
[2025-05-04 18:29:16,806][pytorch_lightning.utilities.rank_zero][INFO] - Epoch 169, global step 850: 'val/PearsonCorrCoef' reached 0.48636 (best 0.48636), saving model to '/home/belyash/ML/binding-affinity-BelyashMatvey/logs/runs/2025-05-04/18:27:11/checkpoints/epoch_169.ckpt' as top 1
[2025-05-04 18:29:17,544][pytorch_lightning.utilities.rank_zero][INFO] - Epoch 170, global step 855: 'val/PearsonCorrCoef' reached 0.48692 (best 0.48692), saving model to '/home/belyash/ML/binding-affinity-BelyashMatvey/logs/runs/2025-05-04/18:27:11/checkpoints/epoch_170.ckpt' as top 1
[2025-05-04 18:29:18,296][pytorch_lightning.utilities.rank_zero][INFO] - Epoch 171, global step 860: 'val/PearsonCorrCoef' reached 0.48756 (best 0.48756), saving model to '/home/belyash/ML/binding-affinity-BelyashMatvey/logs/runs/2025-05-04/18:27:11/checkpoints/epoch_171.ckpt' as top 1
[2025-05-04 18:29:19,063][pytorch_lightning.utilities.rank_zero][INFO] - Epoch 172, global step 865: 'val/PearsonCorrCoef' was not in top 1
[2025-05-04 18:29:19,829][pytorch_lightning.utilities.rank_zero][INFO] - Epoch 173, global step 870: 'val/PearsonCorrCoef' was not in top 1
[2025-05-04 18:29:20,608][pytorch_lightning.utilities.rank_zero][INFO] - Epoch 174, global step 875: 'val/PearsonCorrCoef' reached 0.48764 (best 0.48764), saving model to '/home/belyash/ML/binding-affinity-BelyashMatvey/logs/runs/2025-05-04/18:27:11/checkpoints/epoch_174.ckpt' as top 1
[2025-05-04 18:29:21,383][pytorch_lightning.utilities.rank_zero][INFO] - Epoch 175, global step 880: 'val/PearsonCorrCoef' reached 0.48819 (best 0.48819), saving model to '/home/belyash/ML/binding-affinity-BelyashMatvey/logs/runs/2025-05-04/18:27:11/checkpoints/epoch_175.ckpt' as top 1
[2025-05-04 18:29:22,117][pytorch_lightning.utilities.rank_zero][INFO] - Epoch 176, global step 885: 'val/PearsonCorrCoef' reached 0.48881 (best 0.48881), saving model to '/home/belyash/ML/binding-affinity-BelyashMatvey/logs/runs/2025-05-04/18:27:11/checkpoints/epoch_176.ckpt' as top 1
[2025-05-04 18:29:22,849][pytorch_lightning.utilities.rank_zero][INFO] - Epoch 177, global step 890: 'val/PearsonCorrCoef' reached 0.48958 (best 0.48958), saving model to '/home/belyash/ML/binding-affinity-BelyashMatvey/logs/runs/2025-05-04/18:27:11/checkpoints/epoch_177.ckpt' as top 1
[2025-05-04 18:29:23,621][pytorch_lightning.utilities.rank_zero][INFO] - Epoch 178, global step 895: 'val/PearsonCorrCoef' reached 0.48974 (best 0.48974), saving model to '/home/belyash/ML/binding-affinity-BelyashMatvey/logs/runs/2025-05-04/18:27:11/checkpoints/epoch_178.ckpt' as top 1
[2025-05-04 18:29:24,393][pytorch_lightning.utilities.rank_zero][INFO] - Epoch 179, global step 900: 'val/PearsonCorrCoef' reached 0.49001 (best 0.49001), saving model to '/home/belyash/ML/binding-affinity-BelyashMatvey/logs/runs/2025-05-04/18:27:11/checkpoints/epoch_179.ckpt' as top 1
[2025-05-04 18:29:25,153][pytorch_lightning.utilities.rank_zero][INFO] - Epoch 180, global step 905: 'val/PearsonCorrCoef' reached 0.49053 (best 0.49053), saving model to '/home/belyash/ML/binding-affinity-BelyashMatvey/logs/runs/2025-05-04/18:27:11/checkpoints/epoch_180.ckpt' as top 1
[2025-05-04 18:29:25,920][pytorch_lightning.utilities.rank_zero][INFO] - Epoch 181, global step 910: 'val/PearsonCorrCoef' was not in top 1
[2025-05-04 18:29:26,658][pytorch_lightning.utilities.rank_zero][INFO] - Epoch 182, global step 915: 'val/PearsonCorrCoef' was not in top 1
[2025-05-04 18:29:27,428][pytorch_lightning.utilities.rank_zero][INFO] - Epoch 183, global step 920: 'val/PearsonCorrCoef' reached 0.49073 (best 0.49073), saving model to '/home/belyash/ML/binding-affinity-BelyashMatvey/logs/runs/2025-05-04/18:27:11/checkpoints/epoch_183.ckpt' as top 1
[2025-05-04 18:29:28,198][pytorch_lightning.utilities.rank_zero][INFO] - Epoch 184, global step 925: 'val/PearsonCorrCoef' reached 0.49075 (best 0.49075), saving model to '/home/belyash/ML/binding-affinity-BelyashMatvey/logs/runs/2025-05-04/18:27:11/checkpoints/epoch_184.ckpt' as top 1
[2025-05-04 18:29:28,975][pytorch_lightning.utilities.rank_zero][INFO] - Epoch 185, global step 930: 'val/PearsonCorrCoef' reached 0.49102 (best 0.49102), saving model to '/home/belyash/ML/binding-affinity-BelyashMatvey/logs/runs/2025-05-04/18:27:11/checkpoints/epoch_185.ckpt' as top 1
[2025-05-04 18:29:29,829][pytorch_lightning.utilities.rank_zero][INFO] - Epoch 186, global step 935: 'val/PearsonCorrCoef' was not in top 1
[2025-05-04 18:29:30,566][pytorch_lightning.utilities.rank_zero][INFO] - Epoch 187, global step 940: 'val/PearsonCorrCoef' reached 0.49114 (best 0.49114), saving model to '/home/belyash/ML/binding-affinity-BelyashMatvey/logs/runs/2025-05-04/18:27:11/checkpoints/epoch_187.ckpt' as top 1
[2025-05-04 18:29:31,323][pytorch_lightning.utilities.rank_zero][INFO] - Epoch 188, global step 945: 'val/PearsonCorrCoef' reached 0.49118 (best 0.49118), saving model to '/home/belyash/ML/binding-affinity-BelyashMatvey/logs/runs/2025-05-04/18:27:11/checkpoints/epoch_188.ckpt' as top 1
[2025-05-04 18:29:32,061][pytorch_lightning.utilities.rank_zero][INFO] - Epoch 189, global step 950: 'val/PearsonCorrCoef' was not in top 1
[2025-05-04 18:29:32,773][pytorch_lightning.utilities.rank_zero][INFO] - Epoch 190, global step 955: 'val/PearsonCorrCoef' was not in top 1
[2025-05-04 18:29:33,537][pytorch_lightning.utilities.rank_zero][INFO] - Epoch 191, global step 960: 'val/PearsonCorrCoef' was not in top 1
[2025-05-04 18:29:34,296][pytorch_lightning.utilities.rank_zero][INFO] - Epoch 192, global step 965: 'val/PearsonCorrCoef' was not in top 1
[2025-05-04 18:29:34,996][pytorch_lightning.utilities.rank_zero][INFO] - Epoch 193, global step 970: 'val/PearsonCorrCoef' was not in top 1
[2025-05-04 18:29:35,762][pytorch_lightning.utilities.rank_zero][INFO] - Epoch 194, global step 975: 'val/PearsonCorrCoef' was not in top 1
[2025-05-04 18:29:36,492][pytorch_lightning.utilities.rank_zero][INFO] - Epoch 195, global step 980: 'val/PearsonCorrCoef' was not in top 1
[2025-05-04 18:29:37,174][pytorch_lightning.utilities.rank_zero][INFO] - Epoch 196, global step 985: 'val/PearsonCorrCoef' reached 0.49122 (best 0.49122), saving model to '/home/belyash/ML/binding-affinity-BelyashMatvey/logs/runs/2025-05-04/18:27:11/checkpoints/epoch_196.ckpt' as top 1
[2025-05-04 18:29:37,887][pytorch_lightning.utilities.rank_zero][INFO] - Epoch 197, global step 990: 'val/PearsonCorrCoef' was not in top 1
[2025-05-04 18:29:38,620][pytorch_lightning.utilities.rank_zero][INFO] - Epoch 198, global step 995: 'val/PearsonCorrCoef' was not in top 1
[2025-05-04 18:29:39,387][pytorch_lightning.utilities.rank_zero][INFO] - Epoch 199, global step 1000: 'val/PearsonCorrCoef' was not in top 1
[2025-05-04 18:29:39,411][pytorch_lightning.utilities.rank_zero][INFO] - `Trainer.fit` stopped: `max_epochs=200` reached.
